[0.476s] Invoking command in '/home/meng/microros_agent_ws/robot_controller': PYTHONPATH=/home/meng/microros_agent_ws/robot_controller/build/robot_controller/prefix_override:/usr/lib/python3/dist-packages/colcon_core/task/python/colcon_distutils_commands:/home/meng/microros_agent_ws/robot_controller/install/robot_controller/lib/python3.10/site-packages:${PYTHONPATH} /usr/bin/python3 -W ignore:setup.py install is deprecated -W ignore:easy_install command is deprecated setup.py egg_info --egg-base build/robot_controller build --build-base /home/meng/microros_agent_ws/robot_controller/build/robot_controller/build install --record /home/meng/microros_agent_ws/robot_controller/build/robot_controller/install.log --single-version-externally-managed install_data
[0.667s] running egg_info
[0.668s] writing build/robot_controller/robot_controller.egg-info/PKG-INFO
[0.668s] writing dependency_links to build/robot_controller/robot_controller.egg-info/dependency_links.txt
[0.668s] writing entry points to build/robot_controller/robot_controller.egg-info/entry_points.txt
[0.668s] writing requirements to build/robot_controller/robot_controller.egg-info/requires.txt
[0.668s] writing top-level names to build/robot_controller/robot_controller.egg-info/top_level.txt
[0.670s] reading manifest file 'build/robot_controller/robot_controller.egg-info/SOURCES.txt'
[0.671s] writing manifest file 'build/robot_controller/robot_controller.egg-info/SOURCES.txt'
[0.671s] running build
[0.671s] running build_py
[0.671s] copying robot_controller/env_node.py -> /home/meng/microros_agent_ws/robot_controller/build/robot_controller/build/lib/robot_controller
[0.672s] running install
[0.672s] running install_lib
[0.673s] copying /home/meng/microros_agent_ws/robot_controller/build/robot_controller/build/lib/robot_controller/env_node.py -> /home/meng/microros_agent_ws/robot_controller/install/robot_controller/lib/python3.10/site-packages/robot_controller
[0.673s] byte-compiling /home/meng/microros_agent_ws/robot_controller/install/robot_controller/lib/python3.10/site-packages/robot_controller/env_node.py to env_node.cpython-310.pyc
[0.678s] running install_data
[0.678s] running install_egg_info
[0.680s] removing '/home/meng/microros_agent_ws/robot_controller/install/robot_controller/lib/python3.10/site-packages/robot_controller-0.0.0-py3.10.egg-info' (and everything under it)
[0.680s] Copying build/robot_controller/robot_controller.egg-info to /home/meng/microros_agent_ws/robot_controller/install/robot_controller/lib/python3.10/site-packages/robot_controller-0.0.0-py3.10.egg-info
[0.681s] running install_scripts
[0.697s] Installing env_node script to /home/meng/microros_agent_ws/robot_controller/install/robot_controller/lib/robot_controller
[0.697s] Installing robot_controller_node script to /home/meng/microros_agent_ws/robot_controller/install/robot_controller/lib/robot_controller
[0.697s] Installing robot_nav_node script to /home/meng/microros_agent_ws/robot_controller/install/robot_controller/lib/robot_controller
[0.697s] Installing sweeping_agent script to /home/meng/microros_agent_ws/robot_controller/install/robot_controller/lib/robot_controller
[0.698s] writing list of installed files to '/home/meng/microros_agent_ws/robot_controller/build/robot_controller/install.log'
[0.726s] Invoked command in '/home/meng/microros_agent_ws/robot_controller' returned '0': PYTHONPATH=/home/meng/microros_agent_ws/robot_controller/build/robot_controller/prefix_override:/usr/lib/python3/dist-packages/colcon_core/task/python/colcon_distutils_commands:/home/meng/microros_agent_ws/robot_controller/install/robot_controller/lib/python3.10/site-packages:${PYTHONPATH} /usr/bin/python3 -W ignore:setup.py install is deprecated -W ignore:easy_install command is deprecated setup.py egg_info --egg-base build/robot_controller build --build-base /home/meng/microros_agent_ws/robot_controller/build/robot_controller/build install --record /home/meng/microros_agent_ws/robot_controller/build/robot_controller/install.log --single-version-externally-managed install_data
