running egg_info
creating build/robot_controller/robot_controller.egg-info
writing build/robot_controller/robot_controller.egg-info/PKG-INFO
writing dependency_links to build/robot_controller/robot_controller.egg-info/dependency_links.txt
writing entry points to build/robot_controller/robot_controller.egg-info/entry_points.txt
writing requirements to build/robot_controller/robot_controller.egg-info/requires.txt
writing top-level names to build/robot_controller/robot_controller.egg-info/top_level.txt
writing manifest file 'build/robot_controller/robot_controller.egg-info/SOURCES.txt'
reading manifest file 'build/robot_controller/robot_controller.egg-info/SOURCES.txt'
writing manifest file 'build/robot_controller/robot_controller.egg-info/SOURCES.txt'
running build
running build_py
creating /home/meng/microros_agent_ws/robot_controller/build/robot_controller/build
creating /home/meng/microros_agent_ws/robot_controller/build/robot_controller/build/lib
creating /home/meng/microros_agent_ws/robot_controller/build/robot_controller/build/lib/robot_controller
copying robot_controller/robot_controller_node.py -> /home/meng/microros_agent_ws/robot_controller/build/robot_controller/build/lib/robot_controller
copying robot_controller/env_node.py -> /home/meng/microros_agent_ws/robot_controller/build/robot_controller/build/lib/robot_controller
copying robot_controller/playground.py -> /home/meng/microros_agent_ws/robot_controller/build/robot_controller/build/lib/robot_controller
copying robot_controller/robot_nav_node.py -> /home/meng/microros_agent_ws/robot_controller/build/robot_controller/build/lib/robot_controller
copying robot_controller/sweeping_agent.py -> /home/meng/microros_agent_ws/robot_controller/build/robot_controller/build/lib/robot_controller
copying robot_controller/MALC_environment.py -> /home/meng/microros_agent_ws/robot_controller/build/robot_controller/build/lib/robot_controller
copying robot_controller/geometry_lib.py -> /home/meng/microros_agent_ws/robot_controller/build/robot_controller/build/lib/robot_controller
copying robot_controller/__init__.py -> /home/meng/microros_agent_ws/robot_controller/build/robot_controller/build/lib/robot_controller
copying robot_controller/critical_check.py -> /home/meng/microros_agent_ws/robot_controller/build/robot_controller/build/lib/robot_controller
copying robot_controller/MALC_agent.py -> /home/meng/microros_agent_ws/robot_controller/build/robot_controller/build/lib/robot_controller
running install
running install_lib
creating /home/meng/microros_agent_ws/robot_controller/install/robot_controller/lib/python3.10/site-packages/robot_controller
copying /home/meng/microros_agent_ws/robot_controller/build/robot_controller/build/lib/robot_controller/robot_controller_node.py -> /home/meng/microros_agent_ws/robot_controller/install/robot_controller/lib/python3.10/site-packages/robot_controller
copying /home/meng/microros_agent_ws/robot_controller/build/robot_controller/build/lib/robot_controller/env_node.py -> /home/meng/microros_agent_ws/robot_controller/install/robot_controller/lib/python3.10/site-packages/robot_controller
copying /home/meng/microros_agent_ws/robot_controller/build/robot_controller/build/lib/robot_controller/playground.py -> /home/meng/microros_agent_ws/robot_controller/install/robot_controller/lib/python3.10/site-packages/robot_controller
copying /home/meng/microros_agent_ws/robot_controller/build/robot_controller/build/lib/robot_controller/robot_nav_node.py -> /home/meng/microros_agent_ws/robot_controller/install/robot_controller/lib/python3.10/site-packages/robot_controller
copying /home/meng/microros_agent_ws/robot_controller/build/robot_controller/build/lib/robot_controller/sweeping_agent.py -> /home/meng/microros_agent_ws/robot_controller/install/robot_controller/lib/python3.10/site-packages/robot_controller
copying /home/meng/microros_agent_ws/robot_controller/build/robot_controller/build/lib/robot_controller/MALC_environment.py -> /home/meng/microros_agent_ws/robot_controller/install/robot_controller/lib/python3.10/site-packages/robot_controller
copying /home/meng/microros_agent_ws/robot_controller/build/robot_controller/build/lib/robot_controller/geometry_lib.py -> /home/meng/microros_agent_ws/robot_controller/install/robot_controller/lib/python3.10/site-packages/robot_controller
copying /home/meng/microros_agent_ws/robot_controller/build/robot_controller/build/lib/robot_controller/__init__.py -> /home/meng/microros_agent_ws/robot_controller/install/robot_controller/lib/python3.10/site-packages/robot_controller
copying /home/meng/microros_agent_ws/robot_controller/build/robot_controller/build/lib/robot_controller/critical_check.py -> /home/meng/microros_agent_ws/robot_controller/install/robot_controller/lib/python3.10/site-packages/robot_controller
copying /home/meng/microros_agent_ws/robot_controller/build/robot_controller/build/lib/robot_controller/MALC_agent.py -> /home/meng/microros_agent_ws/robot_controller/install/robot_controller/lib/python3.10/site-packages/robot_controller
byte-compiling /home/meng/microros_agent_ws/robot_controller/install/robot_controller/lib/python3.10/site-packages/robot_controller/robot_controller_node.py to robot_controller_node.cpython-310.pyc
byte-compiling /home/meng/microros_agent_ws/robot_controller/install/robot_controller/lib/python3.10/site-packages/robot_controller/env_node.py to env_node.cpython-310.pyc
byte-compiling /home/meng/microros_agent_ws/robot_controller/install/robot_controller/lib/python3.10/site-packages/robot_controller/playground.py to playground.cpython-310.pyc
byte-compiling /home/meng/microros_agent_ws/robot_controller/install/robot_controller/lib/python3.10/site-packages/robot_controller/robot_nav_node.py to robot_nav_node.cpython-310.pyc
byte-compiling /home/meng/microros_agent_ws/robot_controller/install/robot_controller/lib/python3.10/site-packages/robot_controller/sweeping_agent.py to sweeping_agent.cpython-310.pyc
byte-compiling /home/meng/microros_agent_ws/robot_controller/install/robot_controller/lib/python3.10/site-packages/robot_controller/MALC_environment.py to MALC_environment.cpython-310.pyc
byte-compiling /home/meng/microros_agent_ws/robot_controller/install/robot_controller/lib/python3.10/site-packages/robot_controller/geometry_lib.py to geometry_lib.cpython-310.pyc
byte-compiling /home/meng/microros_agent_ws/robot_controller/install/robot_controller/lib/python3.10/site-packages/robot_controller/__init__.py to __init__.cpython-310.pyc
byte-compiling /home/meng/microros_agent_ws/robot_controller/install/robot_controller/lib/python3.10/site-packages/robot_controller/critical_check.py to critical_check.cpython-310.pyc
byte-compiling /home/meng/microros_agent_ws/robot_controller/install/robot_controller/lib/python3.10/site-packages/robot_controller/MALC_agent.py to MALC_agent.cpython-310.pyc
running install_data
creating /home/meng/microros_agent_ws/robot_controller/install/robot_controller/share/ament_index
creating /home/meng/microros_agent_ws/robot_controller/install/robot_controller/share/ament_index/resource_index
creating /home/meng/microros_agent_ws/robot_controller/install/robot_controller/share/ament_index/resource_index/packages
copying resource/robot_controller -> /home/meng/microros_agent_ws/robot_controller/install/robot_controller/share/ament_index/resource_index/packages
copying package.xml -> /home/meng/microros_agent_ws/robot_controller/install/robot_controller/share/robot_controller
creating /home/meng/microros_agent_ws/robot_controller/install/robot_controller/share/robot_controller/launch
copying launch/mars_launch.py -> /home/meng/microros_agent_ws/robot_controller/install/robot_controller/share/robot_controller/launch
copying launch/single_robot_launch.py -> /home/meng/microros_agent_ws/robot_controller/install/robot_controller/share/robot_controller/launch
running install_egg_info
Copying build/robot_controller/robot_controller.egg-info to /home/meng/microros_agent_ws/robot_controller/install/robot_controller/lib/python3.10/site-packages/robot_controller-0.0.0-py3.10.egg-info
running install_scripts
Installing env_node script to /home/meng/microros_agent_ws/robot_controller/install/robot_controller/lib/robot_controller
Installing robot_controller_node script to /home/meng/microros_agent_ws/robot_controller/install/robot_controller/lib/robot_controller
Installing robot_nav_node script to /home/meng/microros_agent_ws/robot_controller/install/robot_controller/lib/robot_controller
Installing sweeping_agent script to /home/meng/microros_agent_ws/robot_controller/install/robot_controller/lib/robot_controller
writing list of installed files to '/home/meng/microros_agent_ws/robot_controller/build/robot_controller/install.log'
