[0.415s] Invoking command in '/home/meng/microros_agent_ws/robot_controller': PYTHONPATH=/home/meng/microros_agent_ws/robot_controller/build/robot_controller/prefix_override:/usr/lib/python3/dist-packages/colcon_core/task/python/colcon_distutils_commands:/home/meng/microros_agent_ws/robot_controller/install/robot_controller/lib/python3.10/site-packages:${PYTHONPATH} /usr/bin/python3 -W ignore:setup.py install is deprecated -W ignore:easy_install command is deprecated setup.py egg_info --egg-base build/robot_controller build --build-base /home/meng/microros_agent_ws/robot_controller/build/robot_controller/build install --record /home/meng/microros_agent_ws/robot_controller/build/robot_controller/install.log --single-version-externally-managed install_data
[0.573s] running egg_info
[0.573s] writing build/robot_controller/robot_controller.egg-info/PKG-INFO
[0.573s] writing dependency_links to build/robot_controller/robot_controller.egg-info/dependency_links.txt
[0.573s] writing entry points to build/robot_controller/robot_controller.egg-info/entry_points.txt
[0.573s] writing requirements to build/robot_controller/robot_controller.egg-info/requires.txt
[0.573s] writing top-level names to build/robot_controller/robot_controller.egg-info/top_level.txt
[0.574s] reading manifest file 'build/robot_controller/robot_controller.egg-info/SOURCES.txt'
[0.575s] writing manifest file 'build/robot_controller/robot_controller.egg-info/SOURCES.txt'
[0.575s] running build
[0.575s] running build_py
[0.575s] running install
[0.575s] running install_lib
[0.576s] running install_data
[0.577s] running install_egg_info
[0.578s] removing '/home/meng/microros_agent_ws/robot_controller/install/robot_controller/lib/python3.10/site-packages/robot_controller-0.0.0-py3.10.egg-info' (and everything under it)
[0.578s] Copying build/robot_controller/robot_controller.egg-info to /home/meng/microros_agent_ws/robot_controller/install/robot_controller/lib/python3.10/site-packages/robot_controller-0.0.0-py3.10.egg-info
[0.579s] running install_scripts
[0.593s] Installing env_node script to /home/meng/microros_agent_ws/robot_controller/install/robot_controller/lib/robot_controller
[0.593s] Installing robot_controller_node script to /home/meng/microros_agent_ws/robot_controller/install/robot_controller/lib/robot_controller
[0.593s] Installing robot_nav_node script to /home/meng/microros_agent_ws/robot_controller/install/robot_controller/lib/robot_controller
[0.593s] Installing sweeping_agent script to /home/meng/microros_agent_ws/robot_controller/install/robot_controller/lib/robot_controller
[0.593s] writing list of installed files to '/home/meng/microros_agent_ws/robot_controller/build/robot_controller/install.log'
[0.612s] Invoked command in '/home/meng/microros_agent_ws/robot_controller' returned '0': PYTHONPATH=/home/meng/microros_agent_ws/robot_controller/build/robot_controller/prefix_override:/usr/lib/python3/dist-packages/colcon_core/task/python/colcon_distutils_commands:/home/meng/microros_agent_ws/robot_controller/install/robot_controller/lib/python3.10/site-packages:${PYTHONPATH} /usr/bin/python3 -W ignore:setup.py install is deprecated -W ignore:easy_install command is deprecated setup.py egg_info --egg-base build/robot_controller build --build-base /home/meng/microros_agent_ws/robot_controller/build/robot_controller/build install --record /home/meng/microros_agent_ws/robot_controller/build/robot_controller/install.log --single-version-externally-managed install_data
