[0.008s] Invoking command in '/home/meng/microros_agent_ws/robot_controller/build/robot_controller': CMAKE_PREFIX_PATH=${CMAKE_PREFIX_PATH}:/home/meng/microros_agent_ws/install/teleop_twist_keyboard:/home/meng/microros_agent_ws/install/robot_controller:/opt/ros/humble /usr/bin/cmake /home/meng/microros_agent_ws/robot_controller -DCMAKE_INSTALL_PREFIX=/home/meng/microros_agent_ws/robot_controller/install/robot_controller
[0.120s] -- The C compiler identification is GNU 11.4.0
[0.200s] -- The CXX compiler identification is GNU 11.4.0
[0.209s] -- Detecting C compiler ABI info
[0.270s] -- Detecting C compiler ABI info - done
[0.275s] -- Check for working C compiler: /usr/bin/cc - skipped
[0.276s] -- Detecting C compile features
[0.276s] -- Detecting C compile features - done
[0.279s] -- Detecting CXX compiler ABI info
[0.351s] -- Detecting CXX compiler ABI info - done
[0.355s] -- Check for working CXX compiler: /usr/bin/c++ - skipped
[0.356s] -- Detecting CXX compile features
[0.356s] -- Detecting CXX compile features - done
[0.360s] -- Found ament_cmake: 1.3.11 (/opt/ros/humble/share/ament_cmake/cmake)
[0.475s] -- Found Python3: /usr/bin/python3 (found version "3.10.12") found components: Interpreter 
[0.553s] -- Found rclpy: 3.3.16 (/opt/ros/humble/share/rclpy/cmake)
[0.554s] -- Found rosidl_default_generators: 1.2.0 (/opt/ros/humble/share/rosidl_default_generators/cmake)
[0.559s] -- Using all available rosidl_typesupport_c: rosidl_typesupport_fastrtps_c;rosidl_typesupport_introspection_c
[0.565s] -- Found rosidl_adapter: 3.1.6 (/opt/ros/humble/share/rosidl_adapter/cmake)
[0.599s] -- Using all available rosidl_typesupport_cpp: rosidl_typesupport_fastrtps_cpp;rosidl_typesupport_introspection_cpp
[0.752s] [31mCMake Error at /opt/ros/humble/share/rosidl_cmake/cmake/rosidl_generate_interfaces.cmake:229 (message):
[0.752s]   Packages installing interfaces must include
[0.752s]   '<member_of_group>rosidl_interface_packages</member_of_group>' in their
[0.752s]   package.xml
[0.752s] Call Stack (most recent call first):
[0.752s]   CMakeLists.txt:8 (rosidl_generate_interfaces)
[0.752s] 
[0.752s] [0m
[0.752s] -- Configuring incomplete, errors occurred!
[0.752s] See also "/home/meng/microros_agent_ws/robot_controller/build/robot_controller/CMakeFiles/CMakeOutput.log".
[0.759s] Invoked command in '/home/meng/microros_agent_ws/robot_controller/build/robot_controller' returned '1': CMAKE_PREFIX_PATH=${CMAKE_PREFIX_PATH}:/home/meng/microros_agent_ws/install/teleop_twist_keyboard:/home/meng/microros_agent_ws/install/robot_controller:/opt/ros/humble /usr/bin/cmake /home/meng/microros_agent_ws/robot_controller -DCMAKE_INSTALL_PREFIX=/home/meng/microros_agent_ws/robot_controller/install/robot_controller
