/home/meng/microros_agent_ws/robot_controller/install/robot_controller/lib/python3.10/site-packages/robot_controller/robot_controller_node.py
/home/meng/microros_agent_ws/robot_controller/install/robot_controller/lib/python3.10/site-packages/robot_controller/env_node.py
/home/meng/microros_agent_ws/robot_controller/install/robot_controller/lib/python3.10/site-packages/robot_controller/playground.py
/home/meng/microros_agent_ws/robot_controller/install/robot_controller/lib/python3.10/site-packages/robot_controller/robot_nav_node.py
/home/meng/microros_agent_ws/robot_controller/install/robot_controller/lib/python3.10/site-packages/robot_controller/sweeping_agent.py
/home/meng/microros_agent_ws/robot_controller/install/robot_controller/lib/python3.10/site-packages/robot_controller/MALC_environment.py
/home/meng/microros_agent_ws/robot_controller/install/robot_controller/lib/python3.10/site-packages/robot_controller/geometry_lib.py
/home/meng/microros_agent_ws/robot_controller/install/robot_controller/lib/python3.10/site-packages/robot_controller/__init__.py
/home/meng/microros_agent_ws/robot_controller/install/robot_controller/lib/python3.10/site-packages/robot_controller/critical_check.py
/home/meng/microros_agent_ws/robot_controller/install/robot_controller/lib/python3.10/site-packages/robot_controller/MALC_agent.py
/home/meng/microros_agent_ws/robot_controller/install/robot_controller/lib/python3.10/site-packages/robot_controller/__pycache__/robot_controller_node.cpython-310.pyc
/home/meng/microros_agent_ws/robot_controller/install/robot_controller/lib/python3.10/site-packages/robot_controller/__pycache__/env_node.cpython-310.pyc
/home/meng/microros_agent_ws/robot_controller/install/robot_controller/lib/python3.10/site-packages/robot_controller/__pycache__/playground.cpython-310.pyc
/home/meng/microros_agent_ws/robot_controller/install/robot_controller/lib/python3.10/site-packages/robot_controller/__pycache__/robot_nav_node.cpython-310.pyc
/home/meng/microros_agent_ws/robot_controller/install/robot_controller/lib/python3.10/site-packages/robot_controller/__pycache__/sweeping_agent.cpython-310.pyc
/home/meng/microros_agent_ws/robot_controller/install/robot_controller/lib/python3.10/site-packages/robot_controller/__pycache__/MALC_environment.cpython-310.pyc
/home/meng/microros_agent_ws/robot_controller/install/robot_controller/lib/python3.10/site-packages/robot_controller/__pycache__/geometry_lib.cpython-310.pyc
/home/meng/microros_agent_ws/robot_controller/install/robot_controller/lib/python3.10/site-packages/robot_controller/__pycache__/__init__.cpython-310.pyc
/home/meng/microros_agent_ws/robot_controller/install/robot_controller/lib/python3.10/site-packages/robot_controller/__pycache__/critical_check.cpython-310.pyc
/home/meng/microros_agent_ws/robot_controller/install/robot_controller/lib/python3.10/site-packages/robot_controller/__pycache__/MALC_agent.cpython-310.pyc
/home/meng/microros_agent_ws/robot_controller/install/robot_controller/share/ament_index/resource_index/packages/robot_controller
/home/meng/microros_agent_ws/robot_controller/install/robot_controller/share/robot_controller/package.xml
/home/meng/microros_agent_ws/robot_controller/install/robot_controller/share/robot_controller/launch/mars_launch.py
/home/meng/microros_agent_ws/robot_controller/install/robot_controller/share/robot_controller/launch/single_robot_launch.py
/home/meng/microros_agent_ws/robot_controller/install/robot_controller/lib/python3.10/site-packages/robot_controller-0.0.0-py3.10.egg-info/entry_points.txt
/home/meng/microros_agent_ws/robot_controller/install/robot_controller/lib/python3.10/site-packages/robot_controller-0.0.0-py3.10.egg-info/zip-safe
/home/meng/microros_agent_ws/robot_controller/install/robot_controller/lib/python3.10/site-packages/robot_controller-0.0.0-py3.10.egg-info/dependency_links.txt
/home/meng/microros_agent_ws/robot_controller/install/robot_controller/lib/python3.10/site-packages/robot_controller-0.0.0-py3.10.egg-info/SOURCES.txt
/home/meng/microros_agent_ws/robot_controller/install/robot_controller/lib/python3.10/site-packages/robot_controller-0.0.0-py3.10.egg-info/top_level.txt
/home/meng/microros_agent_ws/robot_controller/install/robot_controller/lib/python3.10/site-packages/robot_controller-0.0.0-py3.10.egg-info/requires.txt
/home/meng/microros_agent_ws/robot_controller/install/robot_controller/lib/python3.10/site-packages/robot_controller-0.0.0-py3.10.egg-info/PKG-INFO
/home/meng/microros_agent_ws/robot_controller/install/robot_controller/lib/robot_controller/env_node
/home/meng/microros_agent_ws/robot_controller/install/robot_controller/lib/robot_controller/robot_controller_node
/home/meng/microros_agent_ws/robot_controller/install/robot_controller/lib/robot_controller/robot_nav_node
/home/meng/microros_agent_ws/robot_controller/install/robot_controller/lib/robot_controller/sweeping_agent
